

Started GET "/assets/rails.png" for 10.0.2.2 at 2014-04-20 14:03:17 +0000
Served asset /rails.png - 200 OK (270ms)
  [1m[36m (66.0ms)[0m  [1mCREATE TABLE "schema_migrations" ("version" character varying(255) NOT NULL) [0m
  [1m[35m (25.4ms)[0m   SELECT distinct i.relname, d.indisunique, d.indkey, pg_get_indexdef(d.indexrelid), t.oid
 FROM pg_class t
 INNER JOIN pg_index d ON t.oid = d.indrelid
 INNER JOIN pg_class i ON d.indexrelid = i.oid
 WHERE i.relkind = 'i'
 AND d.indisprimary = 'f'
 AND t.relname = 'schema_migrations'
 AND i.relnamespace IN (SELECT oid FROM pg_namespace WHERE nspname = ANY (current_schemas(false)) )
 ORDER BY i.relname

  [1m[36m (18.3ms)[0m  [1mCREATE UNIQUE INDEX "unique_schema_migrations" ON "schema_migrations" ("version")[0m
  [1m[35m (0.8ms)[0m  SELECT "schema_migrations"."version" FROM "schema_migrations" 
Migrating to Expense (20140420223430)
  [1m[36m (0.8ms)[0m  [1mBEGIN[0m
  [1m[35m (60.3ms)[0m  CREATE TABLE "expenses" ("id" serial primary key, "name" character varying(255), "description" text, "amount" float, "coin" character varying(255), "created_at" timestamp NOT NULL, "updated_at" timestamp NOT NULL, "user_id" integer) 
  [1m[36m (2.5ms)[0m  [1mINSERT INTO "schema_migrations" ("version") VALUES ('20140420223430')[0m
  [1m[35m (2.8ms)[0m  COMMIT
Migrating to Budget (20140420223523)
  [1m[36m (0.7ms)[0m  [1mBEGIN[0m
  [1m[35m (28.9ms)[0m  CREATE TABLE "budgets" ("id" serial primary key, "name" character varying(255), "description" text, "amount" float, "coin" character varying(255), "start_date" timestamp, "end_date" timestamp, "created_at" timestamp NOT NULL, "updated_at" timestamp NOT NULL, "user_id" integer) 
  [1m[36m (1.1ms)[0m  [1mINSERT INTO "schema_migrations" ("version") VALUES ('20140420223523')[0m
  [1m[35m (3.4ms)[0m  COMMIT
Migrating to Income (20140420223538)
  [1m[36m (0.9ms)[0m  [1mBEGIN[0m
  [1m[35m (25.9ms)[0m  CREATE TABLE "incomes" ("id" serial primary key, "name" character varying(255), "description" text, "amount" float, "coin" character varying(255), "created_at" timestamp NOT NULL, "updated_at" timestamp NOT NULL, "user_id" integer) 
  [1m[36m (0.8ms)[0m  [1mINSERT INTO "schema_migrations" ("version") VALUES ('20140420223538')[0m
  [1m[35m (10.4ms)[0m  COMMIT
Migrating to DeviseCreateUsers (20140420224935)
  [1m[36m (0.8ms)[0m  [1mBEGIN[0m
  [1m[35m (22.4ms)[0m  CREATE TABLE "users" ("id" serial primary key, "email" character varying(255) DEFAULT '' NOT NULL, "encrypted_password" character varying(255) DEFAULT '' NOT NULL, "reset_password_token" character varying(255), "reset_password_sent_at" timestamp, "remember_created_at" timestamp, "sign_in_count" integer DEFAULT 0, "current_sign_in_at" timestamp, "last_sign_in_at" timestamp, "current_sign_in_ip" character varying(255), "last_sign_in_ip" character varying(255), "created_at" timestamp NOT NULL, "updated_at" timestamp NOT NULL) 
  [1m[36m (4.4ms)[0m  [1m SELECT distinct i.relname, d.indisunique, d.indkey, pg_get_indexdef(d.indexrelid), t.oid
 FROM pg_class t
 INNER JOIN pg_index d ON t.oid = d.indrelid
 INNER JOIN pg_class i ON d.indexrelid = i.oid
 WHERE i.relkind = 'i'
 AND d.indisprimary = 'f'
 AND t.relname = 'users'
 AND i.relnamespace IN (SELECT oid FROM pg_namespace WHERE nspname = ANY (current_schemas(false)) )
 ORDER BY i.relname
[0m
  [1m[35m (7.4ms)[0m  CREATE UNIQUE INDEX "index_users_on_email" ON "users" ("email")
  [1m[36m (3.3ms)[0m  [1m SELECT distinct i.relname, d.indisunique, d.indkey, pg_get_indexdef(d.indexrelid), t.oid
 FROM pg_class t
 INNER JOIN pg_index d ON t.oid = d.indrelid
 INNER JOIN pg_class i ON d.indexrelid = i.oid
 WHERE i.relkind = 'i'
 AND d.indisprimary = 'f'
 AND t.relname = 'users'
 AND i.relnamespace IN (SELECT oid FROM pg_namespace WHERE nspname = ANY (current_schemas(false)) )
 ORDER BY i.relname
[0m
  [1m[35mColumns for index index_users_on_email on users (0.7ms)[0m   SELECT a.attnum, a.attname
 FROM pg_attribute a
 WHERE a.attrelid = 16441
 AND a.attnum IN (2)

  [1m[36m (7.1ms)[0m  [1mCREATE UNIQUE INDEX "index_users_on_reset_password_token" ON "users" ("reset_password_token")[0m
  [1m[35m (0.6ms)[0m  INSERT INTO "schema_migrations" ("version") VALUES ('20140420224935')
  [1m[36m (3.1ms)[0m  [1mCOMMIT[0m
  [1m[35m (8.0ms)[0m  SELECT "schema_migrations"."version" FROM "schema_migrations" 
  [1m[36m (7.8ms)[0m  [1m SELECT distinct i.relname, d.indisunique, d.indkey, pg_get_indexdef(d.indexrelid), t.oid
 FROM pg_class t
 INNER JOIN pg_index d ON t.oid = d.indrelid
 INNER JOIN pg_class i ON d.indexrelid = i.oid
 WHERE i.relkind = 'i'
 AND d.indisprimary = 'f'
 AND t.relname = 'budgets'
 AND i.relnamespace IN (SELECT oid FROM pg_namespace WHERE nspname = ANY (current_schemas(false)) )
 ORDER BY i.relname
[0m
  [1m[35m (7.3ms)[0m   SELECT distinct i.relname, d.indisunique, d.indkey, pg_get_indexdef(d.indexrelid), t.oid
 FROM pg_class t
 INNER JOIN pg_index d ON t.oid = d.indrelid
 INNER JOIN pg_class i ON d.indexrelid = i.oid
 WHERE i.relkind = 'i'
 AND d.indisprimary = 'f'
 AND t.relname = 'expenses'
 AND i.relnamespace IN (SELECT oid FROM pg_namespace WHERE nspname = ANY (current_schemas(false)) )
 ORDER BY i.relname

  [1m[36m (1.6ms)[0m  [1m SELECT distinct i.relname, d.indisunique, d.indkey, pg_get_indexdef(d.indexrelid), t.oid
 FROM pg_class t
 INNER JOIN pg_index d ON t.oid = d.indrelid
 INNER JOIN pg_class i ON d.indexrelid = i.oid
 WHERE i.relkind = 'i'
 AND d.indisprimary = 'f'
 AND t.relname = 'incomes'
 AND i.relnamespace IN (SELECT oid FROM pg_namespace WHERE nspname = ANY (current_schemas(false)) )
 ORDER BY i.relname
[0m
  [1m[35m (1.8ms)[0m   SELECT distinct i.relname, d.indisunique, d.indkey, pg_get_indexdef(d.indexrelid), t.oid
 FROM pg_class t
 INNER JOIN pg_index d ON t.oid = d.indrelid
 INNER JOIN pg_class i ON d.indexrelid = i.oid
 WHERE i.relkind = 'i'
 AND d.indisprimary = 'f'
 AND t.relname = 'users'
 AND i.relnamespace IN (SELECT oid FROM pg_namespace WHERE nspname = ANY (current_schemas(false)) )
 ORDER BY i.relname

  [1m[36mColumns for index index_users_on_email on users (0.7ms)[0m  [1m SELECT a.attnum, a.attname
 FROM pg_attribute a
 WHERE a.attrelid = 16441
 AND a.attnum IN (2)
[0m
  [1m[35mColumns for index index_users_on_reset_password_token on users (0.6ms)[0m   SELECT a.attnum, a.attname
 FROM pg_attribute a
 WHERE a.attrelid = 16441
 AND a.attnum IN (4)

  [1m[36m (0.9ms)[0m  [1mSELECT "schema_migrations"."version" FROM "schema_migrations" [0m
Migrating to Expense (20140420223430)
Migrating to Budget (20140420223523)
Migrating to Income (20140420223538)
Migrating to DeviseCreateUsers (20140420224935)
Migrating to CreateExpenses (20140420225924)
  [1m[35m (0.8ms)[0m  BEGIN
  [1m[36m (9.8ms)[0m  [1mCREATE TABLE "expenses" ("id" serial primary key, "created_at" timestamp NOT NULL, "updated_at" timestamp NOT NULL) [0m
PG::Error: ERROR:  relation "expenses" already exists
: CREATE TABLE "expenses" ("id" serial primary key, "created_at" timestamp NOT NULL, "updated_at" timestamp NOT NULL) 
  [1m[35m (0.8ms)[0m  ROLLBACK
  [1m[36m (1.0ms)[0m  [1mSELECT "schema_migrations"."version" FROM "schema_migrations" [0m
  [1m[35m (1.1ms)[0m  SELECT "schema_migrations"."version" FROM "schema_migrations" 
Migrating to DeviseCreateUsers (20140420224935)
  [1m[36m (0.8ms)[0m  [1mBEGIN[0m
  [1m[35m (6.0ms)[0m   SELECT distinct i.relname, d.indisunique, d.indkey, pg_get_indexdef(d.indexrelid), t.oid
 FROM pg_class t
 INNER JOIN pg_index d ON t.oid = d.indrelid
 INNER JOIN pg_class i ON d.indexrelid = i.oid
 WHERE i.relkind = 'i'
 AND d.indisprimary = 'f'
 AND t.relname = 'users'
 AND i.relnamespace IN (SELECT oid FROM pg_namespace WHERE nspname = ANY (current_schemas(false)) )
 ORDER BY i.relname

  [1m[36mColumns for index index_users_on_email on users (1.1ms)[0m  [1m SELECT a.attnum, a.attname
 FROM pg_attribute a
 WHERE a.attrelid = 16441
 AND a.attnum IN (2)
[0m
  [1m[35mColumns for index index_users_on_reset_password_token on users (0.8ms)[0m   SELECT a.attnum, a.attname
 FROM pg_attribute a
 WHERE a.attrelid = 16441
 AND a.attnum IN (4)

  [1m[36m (11.4ms)[0m  [1mDROP INDEX "index_users_on_reset_password_token"[0m
  [1m[35m (2.7ms)[0m   SELECT distinct i.relname, d.indisunique, d.indkey, pg_get_indexdef(d.indexrelid), t.oid
 FROM pg_class t
 INNER JOIN pg_index d ON t.oid = d.indrelid
 INNER JOIN pg_class i ON d.indexrelid = i.oid
 WHERE i.relkind = 'i'
 AND d.indisprimary = 'f'
 AND t.relname = 'users'
 AND i.relnamespace IN (SELECT oid FROM pg_namespace WHERE nspname = ANY (current_schemas(false)) )
 ORDER BY i.relname

  [1m[36mColumns for index index_users_on_email on users (0.8ms)[0m  [1m SELECT a.attnum, a.attname
 FROM pg_attribute a
 WHERE a.attrelid = 16441
 AND a.attnum IN (2)
[0m
  [1m[35m (1.0ms)[0m  DROP INDEX "index_users_on_email"
  [1m[36m (4.1ms)[0m  [1mDROP TABLE "users"[0m
  [1m[35m (3.5ms)[0m  DELETE FROM "schema_migrations" WHERE "schema_migrations"."version" = '20140420224935'
  [1m[36m (8.4ms)[0m  [1mCOMMIT[0m
  [1m[35m (0.9ms)[0m  SELECT "schema_migrations"."version" FROM "schema_migrations" 
  [1m[36m (3.6ms)[0m  [1m SELECT distinct i.relname, d.indisunique, d.indkey, pg_get_indexdef(d.indexrelid), t.oid
 FROM pg_class t
 INNER JOIN pg_index d ON t.oid = d.indrelid
 INNER JOIN pg_class i ON d.indexrelid = i.oid
 WHERE i.relkind = 'i'
 AND d.indisprimary = 'f'
 AND t.relname = 'budgets'
 AND i.relnamespace IN (SELECT oid FROM pg_namespace WHERE nspname = ANY (current_schemas(false)) )
 ORDER BY i.relname
[0m
  [1m[35m (1.3ms)[0m   SELECT distinct i.relname, d.indisunique, d.indkey, pg_get_indexdef(d.indexrelid), t.oid
 FROM pg_class t
 INNER JOIN pg_index d ON t.oid = d.indrelid
 INNER JOIN pg_class i ON d.indexrelid = i.oid
 WHERE i.relkind = 'i'
 AND d.indisprimary = 'f'
 AND t.relname = 'expenses'
 AND i.relnamespace IN (SELECT oid FROM pg_namespace WHERE nspname = ANY (current_schemas(false)) )
 ORDER BY i.relname

  [1m[36m (1.3ms)[0m  [1m SELECT distinct i.relname, d.indisunique, d.indkey, pg_get_indexdef(d.indexrelid), t.oid
 FROM pg_class t
 INNER JOIN pg_index d ON t.oid = d.indrelid
 INNER JOIN pg_class i ON d.indexrelid = i.oid
 WHERE i.relkind = 'i'
 AND d.indisprimary = 'f'
 AND t.relname = 'incomes'
 AND i.relnamespace IN (SELECT oid FROM pg_namespace WHERE nspname = ANY (current_schemas(false)) )
 ORDER BY i.relname
[0m
  [1m[36m (1.2ms)[0m  [1mSELECT "schema_migrations"."version" FROM "schema_migrations" [0m
  [1m[35m (0.8ms)[0m  SELECT "schema_migrations"."version" FROM "schema_migrations" 
Migrating to Income (20140420223538)
  [1m[36m (0.7ms)[0m  [1mBEGIN[0m
  [1m[35m (2.8ms)[0m  DROP TABLE "incomes"
  [1m[36m (1.5ms)[0m  [1mDELETE FROM "schema_migrations" WHERE "schema_migrations"."version" = '20140420223538'[0m
  [1m[35m (6.8ms)[0m  COMMIT
  [1m[36m (0.8ms)[0m  [1mSELECT "schema_migrations"."version" FROM "schema_migrations" [0m
  [1m[35m (2.3ms)[0m   SELECT distinct i.relname, d.indisunique, d.indkey, pg_get_indexdef(d.indexrelid), t.oid
 FROM pg_class t
 INNER JOIN pg_index d ON t.oid = d.indrelid
 INNER JOIN pg_class i ON d.indexrelid = i.oid
 WHERE i.relkind = 'i'
 AND d.indisprimary = 'f'
 AND t.relname = 'budgets'
 AND i.relnamespace IN (SELECT oid FROM pg_namespace WHERE nspname = ANY (current_schemas(false)) )
 ORDER BY i.relname

  [1m[36m (1.0ms)[0m  [1m SELECT distinct i.relname, d.indisunique, d.indkey, pg_get_indexdef(d.indexrelid), t.oid
 FROM pg_class t
 INNER JOIN pg_index d ON t.oid = d.indrelid
 INNER JOIN pg_class i ON d.indexrelid = i.oid
 WHERE i.relkind = 'i'
 AND d.indisprimary = 'f'
 AND t.relname = 'expenses'
 AND i.relnamespace IN (SELECT oid FROM pg_namespace WHERE nspname = ANY (current_schemas(false)) )
 ORDER BY i.relname
[0m
  [1m[36m (0.9ms)[0m  [1mSELECT "schema_migrations"."version" FROM "schema_migrations" [0m
  [1m[35m (1.1ms)[0m  SELECT "schema_migrations"."version" FROM "schema_migrations" 
Migrating to Budget (20140420223523)
  [1m[36m (0.8ms)[0m  [1mBEGIN[0m
  [1m[35m (3.4ms)[0m  DROP TABLE "budgets"
  [1m[36m (1.9ms)[0m  [1mDELETE FROM "schema_migrations" WHERE "schema_migrations"."version" = '20140420223523'[0m
  [1m[35m (6.8ms)[0m  COMMIT
  [1m[36m (1.0ms)[0m  [1mSELECT "schema_migrations"."version" FROM "schema_migrations" [0m
  [1m[35m (2.5ms)[0m   SELECT distinct i.relname, d.indisunique, d.indkey, pg_get_indexdef(d.indexrelid), t.oid
 FROM pg_class t
 INNER JOIN pg_index d ON t.oid = d.indrelid
 INNER JOIN pg_class i ON d.indexrelid = i.oid
 WHERE i.relkind = 'i'
 AND d.indisprimary = 'f'
 AND t.relname = 'expenses'
 AND i.relnamespace IN (SELECT oid FROM pg_namespace WHERE nspname = ANY (current_schemas(false)) )
 ORDER BY i.relname

  [1m[36m (1.2ms)[0m  [1mSELECT "schema_migrations"."version" FROM "schema_migrations" [0m
  [1m[35m (1.0ms)[0m  SELECT "schema_migrations"."version" FROM "schema_migrations" 
Migrating to Expense (20140420223430)
  [1m[36m (0.9ms)[0m  [1mBEGIN[0m
  [1m[35m (5.2ms)[0m  DROP TABLE "expenses"
  [1m[36m (1.7ms)[0m  [1mDELETE FROM "schema_migrations" WHERE "schema_migrations"."version" = '20140420223430'[0m
  [1m[35m (7.3ms)[0m  COMMIT
  [1m[36m (1.3ms)[0m  [1mSELECT "schema_migrations"."version" FROM "schema_migrations" [0m
  [1m[36m (0.8ms)[0m  [1mSELECT "schema_migrations"."version" FROM "schema_migrations" [0m
  [1m[35m (0.9ms)[0m  SELECT "schema_migrations"."version" FROM "schema_migrations" 
  [1m[36m (0.8ms)[0m  [1mSELECT "schema_migrations"."version" FROM "schema_migrations" [0m
Migrating to DeviseCreateUsers (20140420224935)
  [1m[35m (0.7ms)[0m  BEGIN
  [1m[36m (29.5ms)[0m  [1mCREATE TABLE "users" ("id" serial primary key, "email" character varying(255) DEFAULT '' NOT NULL, "encrypted_password" character varying(255) DEFAULT '' NOT NULL, "reset_password_token" character varying(255), "reset_password_sent_at" timestamp, "remember_created_at" timestamp, "sign_in_count" integer DEFAULT 0, "current_sign_in_at" timestamp, "last_sign_in_at" timestamp, "current_sign_in_ip" character varying(255), "last_sign_in_ip" character varying(255), "created_at" timestamp NOT NULL, "updated_at" timestamp NOT NULL) [0m
  [1m[35m (4.4ms)[0m   SELECT distinct i.relname, d.indisunique, d.indkey, pg_get_indexdef(d.indexrelid), t.oid
 FROM pg_class t
 INNER JOIN pg_index d ON t.oid = d.indrelid
 INNER JOIN pg_class i ON d.indexrelid = i.oid
 WHERE i.relkind = 'i'
 AND d.indisprimary = 'f'
 AND t.relname = 'users'
 AND i.relnamespace IN (SELECT oid FROM pg_namespace WHERE nspname = ANY (current_schemas(false)) )
 ORDER BY i.relname

  [1m[36m (6.9ms)[0m  [1mCREATE UNIQUE INDEX "index_users_on_email" ON "users" ("email")[0m
  [1m[35m (4.5ms)[0m   SELECT distinct i.relname, d.indisunique, d.indkey, pg_get_indexdef(d.indexrelid), t.oid
 FROM pg_class t
 INNER JOIN pg_index d ON t.oid = d.indrelid
 INNER JOIN pg_class i ON d.indexrelid = i.oid
 WHERE i.relkind = 'i'
 AND d.indisprimary = 'f'
 AND t.relname = 'users'
 AND i.relnamespace IN (SELECT oid FROM pg_namespace WHERE nspname = ANY (current_schemas(false)) )
 ORDER BY i.relname

  [1m[36mColumns for index index_users_on_email on users (0.8ms)[0m  [1m SELECT a.attnum, a.attname
 FROM pg_attribute a
 WHERE a.attrelid = 16459
 AND a.attnum IN (2)
[0m
  [1m[35m (5.2ms)[0m  CREATE UNIQUE INDEX "index_users_on_reset_password_token" ON "users" ("reset_password_token")
  [1m[36m (0.8ms)[0m  [1mINSERT INTO "schema_migrations" ("version") VALUES ('20140420224935')[0m
  [1m[35m (2.4ms)[0m  COMMIT
Migrating to CreateExpenses (20140420225924)
  [1m[36m (0.6ms)[0m  [1mBEGIN[0m
  [1m[35m (18.0ms)[0m  CREATE TABLE "expenses" ("id" serial primary key, "name" character varying(255), "description" text, "amount" float, "coin" character varying(255), "created_at" timestamp NOT NULL, "updated_at" timestamp NOT NULL, "user_id" integer) 
  [1m[36m (0.8ms)[0m  [1mINSERT INTO "schema_migrations" ("version") VALUES ('20140420225924')[0m
  [1m[35m (3.6ms)[0m  COMMIT
Migrating to CreateBudgets (20140420230129)
  [1m[36m (0.9ms)[0m  [1mBEGIN[0m
  [1m[35m (19.5ms)[0m  CREATE TABLE "budgets" ("id" serial primary key, "name" character varying(255), "description" text, "amount" float, "coin" character varying(255), "start_date" timestamp, "end_date" timestamp, "created_at" timestamp NOT NULL, "updated_at" timestamp NOT NULL, "user_id" integer) 
  [1m[36m (0.9ms)[0m  [1mINSERT INTO "schema_migrations" ("version") VALUES ('20140420230129')[0m
  [1m[35m (2.9ms)[0m  COMMIT
Migrating to CreateIncomes (20140420230221)
  [1m[36m (0.9ms)[0m  [1mBEGIN[0m
  [1m[35m (19.6ms)[0m  CREATE TABLE "incomes" ("id" serial primary key, "name" character varying(255), "description" text, "amount" float, "coin" character varying(255), "created_at" timestamp NOT NULL, "updated_at" timestamp NOT NULL, "user_id" integer) 
  [1m[36m (1.2ms)[0m  [1mINSERT INTO "schema_migrations" ("version") VALUES ('20140420230221')[0m
  [1m[35m (3.4ms)[0m  COMMIT
  [1m[36m (1.1ms)[0m  [1mSELECT "schema_migrations"."version" FROM "schema_migrations" [0m
  [1m[35m (3.5ms)[0m   SELECT distinct i.relname, d.indisunique, d.indkey, pg_get_indexdef(d.indexrelid), t.oid
 FROM pg_class t
 INNER JOIN pg_index d ON t.oid = d.indrelid
 INNER JOIN pg_class i ON d.indexrelid = i.oid
 WHERE i.relkind = 'i'
 AND d.indisprimary = 'f'
 AND t.relname = 'budgets'
 AND i.relnamespace IN (SELECT oid FROM pg_namespace WHERE nspname = ANY (current_schemas(false)) )
 ORDER BY i.relname

  [1m[36m (1.4ms)[0m  [1m SELECT distinct i.relname, d.indisunique, d.indkey, pg_get_indexdef(d.indexrelid), t.oid
 FROM pg_class t
 INNER JOIN pg_index d ON t.oid = d.indrelid
 INNER JOIN pg_class i ON d.indexrelid = i.oid
 WHERE i.relkind = 'i'
 AND d.indisprimary = 'f'
 AND t.relname = 'expenses'
 AND i.relnamespace IN (SELECT oid FROM pg_namespace WHERE nspname = ANY (current_schemas(false)) )
 ORDER BY i.relname
[0m
  [1m[35m (1.3ms)[0m   SELECT distinct i.relname, d.indisunique, d.indkey, pg_get_indexdef(d.indexrelid), t.oid
 FROM pg_class t
 INNER JOIN pg_index d ON t.oid = d.indrelid
 INNER JOIN pg_class i ON d.indexrelid = i.oid
 WHERE i.relkind = 'i'
 AND d.indisprimary = 'f'
 AND t.relname = 'incomes'
 AND i.relnamespace IN (SELECT oid FROM pg_namespace WHERE nspname = ANY (current_schemas(false)) )
 ORDER BY i.relname

  [1m[36m (2.1ms)[0m  [1m SELECT distinct i.relname, d.indisunique, d.indkey, pg_get_indexdef(d.indexrelid), t.oid
 FROM pg_class t
 INNER JOIN pg_index d ON t.oid = d.indrelid
 INNER JOIN pg_class i ON d.indexrelid = i.oid
 WHERE i.relkind = 'i'
 AND d.indisprimary = 'f'
 AND t.relname = 'users'
 AND i.relnamespace IN (SELECT oid FROM pg_namespace WHERE nspname = ANY (current_schemas(false)) )
 ORDER BY i.relname
[0m
  [1m[35mColumns for index index_users_on_email on users (0.9ms)[0m   SELECT a.attnum, a.attname
 FROM pg_attribute a
 WHERE a.attrelid = 16459
 AND a.attnum IN (2)

  [1m[36mColumns for index index_users_on_reset_password_token on users (0.7ms)[0m  [1m SELECT a.attnum, a.attname
 FROM pg_attribute a
 WHERE a.attrelid = 16459
 AND a.attnum IN (4)
[0m
